Determining if the pthread_create exist failed with the following output:
Change Dir: /home/pi/Project/build/CMakeFiles/CMakeTmp

Run Build Command:"/usr/bin/make" "cmTC_4fca2/fast"
make[1]: Entering directory '/home/pi/Project/build/CMakeFiles/CMakeTmp'
/usr/bin/make -f CMakeFiles/cmTC_4fca2.dir/build.make CMakeFiles/cmTC_4fca2.dir/build
make[2]: Entering directory '/home/pi/Project/build/CMakeFiles/CMakeTmp'
Building C object CMakeFiles/cmTC_4fca2.dir/CheckSymbolExists.c.o
/usr/bin/cc    -o CMakeFiles/cmTC_4fca2.dir/CheckSymbolExists.c.o   -c /home/pi/Project/build/CMakeFiles/CMakeTmp/CheckSymbolExists.c
Linking C executable cmTC_4fca2
/usr/bin/cmake -E cmake_link_script CMakeFiles/cmTC_4fca2.dir/link.txt --verbose=1
/usr/bin/cc      CMakeFiles/cmTC_4fca2.dir/CheckSymbolExists.c.o  -o cmTC_4fca2 
/usr/bin/ld: CMakeFiles/cmTC_4fca2.dir/CheckSymbolExists.c.o: in function `main':
CheckSymbolExists.c:(.text+0x38): undefined reference to `pthread_create'
collect2: error: ld returned 1 exit status
make[2]: *** [CMakeFiles/cmTC_4fca2.dir/build.make:87: cmTC_4fca2] Error 1
make[2]: Leaving directory '/home/pi/Project/build/CMakeFiles/CMakeTmp'
make[1]: *** [Makefile:121: cmTC_4fca2/fast] Error 2
make[1]: Leaving directory '/home/pi/Project/build/CMakeFiles/CMakeTmp'

File /home/pi/Project/build/CMakeFiles/CMakeTmp/CheckSymbolExists.c:
/* */
#include <pthread.h>

int main(int argc, char** argv)
{
  (void)argv;
#ifndef pthread_create
  return ((int*)(&pthread_create))[argc];
#else
  (void)argc;
  return 0;
#endif
}

